13-04-2015 13:29 : Transaction prerequest triger
13-04-2015 13:29 : Transaction not found, step: 1, payment_no: 0
13-04-2015 13:29 : Transaction prerequest triger
13-04-2015 13:29 : Transaction confirmation request
13-04-2015 13:29 : Transaction success confirmed, payment_no: 183
28-04-2015 13:41 : Transaction prerequest triger
28-04-2015 13:41 : Transaction not found, step: 1, payment_no: 0
28-04-2015 13:41 : Transaction prerequest triger
28-04-2015 13:41 : Transaction confirmation request
28-04-2015 13:41 : Transaction success confirmed, payment_no: 197
17-08-2015 12:09 : Transaction prerequest triger
17-08-2015 12:09 : Transaction not found, step: 1, payment_no: 0
17-08-2015 12:09 : Transaction prerequest triger
17-08-2015 12:09 : Transaction confirmation request
17-08-2015 12:09 : Transaction success confirmed, payment_no: 209
01-10-2015 12:35 : Transaction prerequest triger
01-10-2015 12:35 : Transaction not found, step: 1, payment_no: 0
01-10-2015 12:35 : Transaction prerequest triger
01-10-2015 12:35 : Transaction confirmation request
01-10-2015 12:35 : Transaction success confirmed, payment_no: 213
23-10-2015 16:39 : Transaction prerequest triger
23-10-2015 16:39 : Transaction not found, step: 1, payment_no: 0
23-10-2015 16:39 : Transaction prerequest triger
23-10-2015 16:40 : Transaction confirmation request
23-10-2015 16:40 : Transaction success confirmed, payment_no: 214
01-11-2015 17:18 : Transaction prerequest triger
01-11-2015 17:18 : Transaction not found, step: 1, payment_no: 0
01-11-2015 17:18 : Transaction prerequest triger
01-11-2015 17:18 : Transaction confirmation request
01-11-2015 17:18 : Transaction success confirmed, payment_no: 216
24-11-2015 14:48 : Transaction prerequest triger
24-11-2015 14:48 : Transaction not found, step: 1, payment_no: 0
24-11-2015 14:48 : Transaction confirmation request
24-11-2015 14:48 : Transaction confirmation error, payment_no: 223
